Copyright 1986-2015 Xilinx, Inc. All Rights Reserved.
----------------------------------------------------------------------------------------------------------------
| Tool Version : Vivado v.2015.4 (lin64) Build 1412921 Wed Nov 18 09:44:32 MST 2015
| Date         : Tue Mar 30 15:36:54 2021
| Host         : ganael-VirtualBox running 64-bit Ubuntu 14.04.6 LTS
| Command      : report_timing -file out/post_route_timing.rpt -sort_by group -max_paths 100 -path_type summary
| Design       : red_pitaya_top
| Device       : 7z010-clg400
| Speed File   : -1  PRODUCTION 1.11 2014-09-11
----------------------------------------------------------------------------------------------------------------

Timing Report

Startpoint                     Endpoint                       Slack(ns)     
----------------------------------------------------------------------------
i_dsp/genblk4[4].iir/y2a_reg[1]/C
                               i_dsp/genblk4[4].iir/overflow_reg[1]/D
                                                              -5.297        
i_dsp/genblk4[4].iir/y1a_reg[0]/C
                               i_dsp/genblk4[4].iir/overflow_reg[0]/D
                                                              -5.202        
i_dsp/genblk4[4].iir/y2a_reg[1]/C
                               i_dsp/genblk4[4].iir/p_ay2_reg[4]/D
                                                              -5.152        
i_dsp/genblk4[4].iir/y0_reg[3]/C
                               i_dsp/genblk4[4].iir/overflow_reg[3]/D
                                                              -5.134        
i_dsp/genblk4[4].iir/y1a_reg[0]/C
                               i_dsp/genblk4[4].iir/p_ay1_reg[28]/D
                                                              -5.059        
i_dsp/genblk4[4].iir/y1a_reg[0]/C
                               i_dsp/genblk4[4].iir/p_ay1_reg[26]/D
                                                              -4.965        
i_dsp/genblk4[4].iir/y1a_reg[0]/C
                               i_dsp/genblk4[4].iir/p_ay1_reg[9]/D
                                                              -4.948        
i_dsp/genblk4[4].iir/y1a_reg[0]/C
                               i_dsp/genblk4[4].iir/p_ay1_reg[20]/D
                                                              -4.899        
i_dsp/genblk4[4].iir/y1a_reg[0]/C
                               i_dsp/genblk4[4].iir/p_ay1_reg[6]/D
                                                              -4.893        
i_dsp/genblk4[4].iir/y1a_reg[0]/C
                               i_dsp/genblk4[4].iir/p_ay1_reg[5]/D
                                                              -4.882        
i_dsp/genblk4[4].iir/y1a_reg[0]/C
                               i_dsp/genblk4[4].iir/p_ay1_reg[8]/D
                                                              -4.879        
i_ps/axi_slave_gp0/wr_wdata_reg[7]/C
                               i_asg/set_a_amp_reg[7]/D       -4.879        
i_dsp/genblk4[4].iir/y1a_reg[0]/C
                               i_dsp/genblk4[4].iir/p_ay1_reg[15]/D
                                                              -4.875        
i_dsp/genblk4[4].iir/y1a_reg[0]/C
                               i_dsp/genblk4[4].iir/p_ay1_reg[3]/D
                                                              -4.869        
i_dsp/genblk4[4].iir/y1a_reg[0]/C
                               i_dsp/genblk4[4].iir/p_ay1_reg[2]/D
                                                              -4.869        
i_dsp/genblk4[4].iir/y1a_reg[0]/C
                               i_dsp/genblk4[4].iir/p_ay1_reg[25]/D
                                                              -4.866        
i_dsp/genblk4[4].iir/y1a_reg[0]/C
                               i_dsp/genblk4[4].iir/p_ay1_reg[12]/D
                                                              -4.847        
i_dsp/genblk4[4].iir/y1b_reg[12]/C
                               i_dsp/genblk4[4].iir/overflow_reg[4]/D
                                                              -4.846        
i_ps/axi_slave_gp0/wr_wdata_reg[10]/C
                               i_dsp/genblk4[4].iir/iir_coefficients_reg[42][10]/D
                                                              -4.840        
i_dsp/genblk4[4].iir/y1a_reg[0]/C
                               i_dsp/genblk4[4].iir/p_ay1_reg[1]/D
                                                              -4.835        
i_dsp/genblk4[4].iir/y1a_reg[0]/C
                               i_dsp/genblk4[4].iir/p_ay1_reg[30]/D
                                                              -4.833        
i_dsp/genblk4[4].iir/y1a_reg[0]/C
                               i_dsp/genblk4[4].iir/p_ay1_reg[7]/D
                                                              -4.830        
i_dsp/genblk4[4].iir/y1a_reg[0]/C
                               i_dsp/genblk4[4].iir/p_ay1_reg[16]/D
                                                              -4.828        
i_dsp/genblk4[4].iir/y1a_reg[0]/C
                               i_dsp/genblk4[4].iir/p_ay1_reg[29]/D
                                                              -4.821        
i_dsp/genblk4[4].iir/y1a_reg[0]/C
                               i_dsp/genblk4[4].iir/p_ay1_reg[0]/D
                                                              -4.820        
i_dsp/genblk4[4].iir/y1a_reg[0]/C
                               i_dsp/genblk4[4].iir/p_ay1_reg[19]/D
                                                              -4.816        
i_dsp/genblk4[4].iir/y2a_reg[1]/C
                               i_dsp/genblk4[4].iir/p_ay2_reg[21]/D
                                                              -4.813        
i_dsp/genblk4[4].iir/y2a_reg[1]/C
                               i_dsp/genblk4[4].iir/p_ay2_reg[2]/D
                                                              -4.810        
i_dsp/genblk4[4].iir/y2a_reg[1]/C
                               i_dsp/genblk4[4].iir/p_ay2_reg[17]/D
                                                              -4.802        
i_dsp/genblk4[4].iir/y2a_reg[1]/C
                               i_dsp/genblk4[4].iir/p_ay2_reg[11]/D
                                                              -4.800        
i_dsp/genblk4[4].iir/y2a_reg[1]/C
                               i_dsp/genblk4[4].iir/p_ay2_reg[25]/D
                                                              -4.798        
i_dsp/genblk4[4].iir/y1a_reg[0]/C
                               i_dsp/genblk4[4].iir/p_ay1_reg[27]/D
                                                              -4.797        
i_dsp/genblk4[4].iir/y1a_reg[0]/C
                               i_dsp/genblk4[4].iir/p_ay1_reg[23]/D
                                                              -4.795        
i_dsp/genblk4[4].iir/y2a_reg[1]/C
                               i_dsp/genblk4[4].iir/p_ay2_reg[30]/D
                                                              -4.794        
i_dsp/genblk4[4].iir/y1a_reg[0]/C
                               i_dsp/genblk4[4].iir/p_ay1_reg[14]/D
                                                              -4.790        
i_dsp/genblk4[4].iir/y1a_reg[0]/C
                               i_dsp/genblk4[4].iir/p_ay1_reg[10]/D
                                                              -4.787        
i_dsp/genblk4[4].iir/y2a_reg[1]/C
                               i_dsp/genblk4[4].iir/p_ay2_reg[3]/D
                                                              -4.780        
i_dsp/genblk4[4].iir/y2a_reg[1]/C
                               i_dsp/genblk4[4].iir/p_ay2_reg[7]/D
                                                              -4.763        
i_dsp/genblk4[4].iir/y2a_reg[1]/C
                               i_dsp/genblk4[4].iir/p_ay2_reg[5]/D
                                                              -4.761        
i_dsp/genblk4[4].iir/y2a_reg[1]/C
                               i_dsp/genblk4[4].iir/p_ay2_reg[6]/D
                                                              -4.758        
i_dsp/genblk4[4].iir/y2a_reg[1]/C
                               i_dsp/genblk4[4].iir/p_ay2_reg[22]/D
                                                              -4.748        
i_dsp/genblk4[4].iir/y2a_reg[1]/C
                               i_dsp/genblk4[4].iir/p_ay2_reg[10]/D
                                                              -4.747        
i_dsp/genblk4[4].iir/y1a_reg[0]/C
                               i_dsp/genblk4[4].iir/p_ay1_reg[11]/D
                                                              -4.744        
i_dsp/genblk4[4].iir/y2a_reg[1]/C
                               i_dsp/genblk4[4].iir/p_ay2_reg[14]/D
                                                              -4.743        
i_dsp/genblk4[4].iir/y2a_reg[1]/C
                               i_dsp/genblk4[4].iir/p_ay2_reg[28]/D
                                                              -4.738        
i_dsp/genblk4[4].iir/y2a_reg[1]/C
                               i_dsp/genblk4[4].iir/p_ay2_reg[20]/D
                                                              -4.736        
i_dsp/genblk4[4].iir/y2a_reg[1]/C
                               i_dsp/genblk4[4].iir/p_ay2_reg[8]/D
                                                              -4.732        
i_dsp/genblk4[4].iir/y2a_reg[1]/C
                               i_dsp/genblk4[4].iir/p_ay2_reg[19]/D
                                                              -4.730        
i_dsp/genblk4[4].iir/y1a_reg[0]/C
                               i_dsp/genblk4[4].iir/p_ay1_reg[18]/D
                                                              -4.727        
i_dsp/genblk4[4].iir/y2a_reg[1]/C
                               i_dsp/genblk4[4].iir/p_ay2_reg[12]/D
                                                              -4.726        
i_dsp/genblk6[7].iq_2_outputs/iqfilter[1]/genblk2[0].lpf/y_reg[43]/C
                               i_dsp/genblk6[7].iq_2_outputs/modulator/secondproduct1/D[3]
                                                              -4.721        
i_dsp/genblk4[4].iir/y1a_reg[0]/C
                               i_dsp/genblk4[4].iir/p_ay1_reg[17]/D
                                                              -4.721        
i_dsp/genblk4[4].iir/y0_reg[3]/C
                               i_dsp/genblk4[4].iir/p_by0_reg[10]/D
                                                              -4.721        
i_dsp/genblk4[4].iir/y0_reg[3]/C
                               i_dsp/genblk4[4].iir/p_by0_reg[27]/D
                                                              -4.719        
i_dsp/genblk4[4].iir/y1a_reg[0]/C
                               i_dsp/genblk4[4].iir/p_ay1_reg[22]/D
                                                              -4.719        
i_dsp/genblk4[4].iir/y1a_reg[0]/C
                               i_dsp/genblk4[4].iir/p_ay1_reg[21]/D
                                                              -4.716        
i_dsp/genblk4[4].iir/y0_reg[3]/C
                               i_dsp/genblk4[4].iir/p_by0_reg[11]/D
                                                              -4.711        
i_dsp/genblk4[4].iir/y1a_reg[0]/C
                               i_dsp/genblk4[4].iir/p_ay1_reg[24]/D
                                                              -4.700        
i_dsp/genblk4[4].iir/y2a_reg[1]/C
                               i_dsp/genblk4[4].iir/p_ay2_reg[24]/D
                                                              -4.694        
i_dsp/genblk4[4].iir/y2a_reg[1]/C
                               i_dsp/genblk4[4].iir/p_ay2_reg[9]/D
                                                              -4.685        
i_dsp/genblk4[4].iir/y1a_reg[0]/C
                               i_dsp/genblk4[4].iir/p_ay1_reg[4]/D
                                                              -4.684        
i_dsp/genblk4[4].iir/y1b_reg[12]/C
                               i_dsp/genblk4[4].iir/p_by1_reg[12]/D
                                                              -4.683        
i_dsp/genblk4[4].iir/y1a_reg[0]/C
                               i_dsp/genblk4[4].iir/p_ay1_reg[13]/D
                                                              -4.681        
i_dsp/genblk4[4].iir/y2a_reg[1]/C
                               i_dsp/genblk4[4].iir/p_ay2_reg[27]/D
                                                              -4.672        
i_dsp/genblk4[4].iir/y2a_reg[1]/C
                               i_dsp/genblk4[4].iir/p_ay2_reg[18]/D
                                                              -4.662        
i_dsp/genblk4[4].iir/y2a_reg[1]/C
                               i_dsp/genblk4[4].iir/p_ay2_reg[13]/D
                                                              -4.659        
i_dsp/genblk4[4].iir/y0_reg[3]/C
                               i_dsp/genblk4[4].iir/p_by0_reg[30]/D
                                                              -4.658        
i_dsp/genblk4[4].iir/y0_reg[3]/C
                               i_dsp/genblk4[4].iir/p_by0_reg[25]/D
                                                              -4.656        
i_dsp/genblk4[4].iir/y1b_reg[12]/C
                               i_dsp/genblk4[4].iir/p_by1_reg[1]/D
                                                              -4.654        
i_dsp/genblk4[4].iir/y0_reg[3]/C
                               i_dsp/genblk4[4].iir/p_by0_reg[26]/D
                                                              -4.651        
i_dsp/genblk4[4].iir/y2a_reg[1]/C
                               i_dsp/genblk4[4].iir/p_ay2_reg[26]/D
                                                              -4.649        
i_dsp/genblk4[4].iir/y0_reg[3]/C
                               i_dsp/genblk4[4].iir/p_by0_reg[29]/D
                                                              -4.649        
i_dsp/genblk4[4].iir/y1b_reg[12]/C
                               i_dsp/genblk4[4].iir/p_by1_reg[9]/D
                                                              -4.643        
i_dsp/genblk4[4].iir/y1b_reg[12]/C
                               i_dsp/genblk4[4].iir/p_by1_reg[8]/D
                                                              -4.641        
i_dsp/genblk4[4].iir/y2a_reg[1]/C
                               i_dsp/genblk4[4].iir/p_ay2_reg[23]/D
                                                              -4.636        
i_dsp/genblk4[4].iir/y2a_reg[1]/C
                               i_dsp/genblk4[4].iir/p_ay2_reg[0]/D
                                                              -4.635        
i_dsp/genblk4[4].iir/y2a_reg[1]/C
                               i_dsp/genblk4[4].iir/p_ay2_reg[29]/D
                                                              -4.634        
i_dsp/genblk4[4].iir/y0_reg[3]/C
                               i_dsp/genblk4[4].iir/p_by0_reg[12]/D
                                                              -4.631        
i_dsp/genblk4[4].iir/y0_reg[3]/C
                               i_dsp/genblk4[4].iir/p_by0_reg[13]/D
                                                              -4.626        
i_dsp/genblk6[7].iq_2_outputs/iqfilter[1]/genblk2[0].lpf/y_reg[43]/C
                               i_dsp/genblk6[7].iq_2_outputs/modulator/secondproduct1/D[4]
                                                              -4.622        
i_dsp/genblk6[7].iq_2_outputs/iqfilter[1]/genblk2[0].lpf/y_reg[43]/C
                               i_dsp/genblk6[7].iq_2_outputs/modulator/secondproduct1/D[8]
                                                              -4.606        
i_dsp/genblk4[4].iir/y1b_reg[12]/C
                               i_dsp/genblk4[4].iir/p_by1_reg[7]/D
                                                              -4.605        
i_dsp/genblk4[4].iir/y2a_reg[1]/C
                               i_dsp/genblk4[4].iir/p_ay2_reg[16]/D
                                                              -4.598        
i_ps/axi_slave_gp0/wr_wdata_reg[10]/C
                               i_dsp/genblk4[4].iir/iir_coefficients_reg[26][10]/D
                                                              -4.591        
i_dsp/genblk6[7].iq_2_outputs/iqfilter[1]/genblk2[0].lpf/y_reg[43]/C
                               i_dsp/genblk6[7].iq_2_outputs/modulator/secondproduct1/D[9]
                                                              -4.582        
i_dsp/genblk4[4].iir/y1b_reg[12]/C
                               i_dsp/genblk4[4].iir/p_by1_reg[24]/D
                                                              -4.580        
i_dsp/genblk4[4].iir/y0_reg[3]/C
                               i_dsp/genblk4[4].iir/p_by0_reg[19]/D
                                                              -4.580        
i_dsp/genblk4[4].iir/y1b_reg[12]/C
                               i_dsp/genblk4[4].iir/p_by1_reg[10]/D
                                                              -4.580        
i_ps/axi_slave_gp0/wr_wdata_reg[7]/C
                               i_asg/at_counts_b_reg[7]/D     -4.579        
i_ps/axi_slave_gp0/wr_wdata_reg[10]/C
                               i_dsp/genblk4[4].iir/iir_coefficients_reg[34][10]/D
                                                              -4.579        
i_dsp/genblk6[7].iq_2_outputs/iqfilter[1]/genblk2[0].lpf/y_reg[43]/C
                               i_dsp/genblk6[7].iq_2_outputs/modulator/secondproduct1/D[1]
                                                              -4.578        
i_dsp/genblk4[4].iir/y0_reg[3]/C
                               i_dsp/genblk4[4].iir/p_by0_reg[15]/D
                                                              -4.576        
i_dsp/genblk4[4].iir/y2a_reg[1]/C
                               i_dsp/genblk4[4].iir/p_ay2_reg[1]/D
                                                              -4.575        
i_dsp/genblk4[4].iir/y1b_reg[6]/C
                               i_dsp/genblk4[4].iir/p_by1_reg[29]/D
                                                              -4.573        
i_dsp/genblk4[4].iir/y2a_reg[1]/C
                               i_dsp/genblk4[4].iir/p_ay2_reg[15]/D
                                                              -4.573        
i_dsp/genblk4[4].iir/y1b_reg[12]/C
                               i_dsp/genblk4[4].iir/p_by1_reg[15]/D
                                                              -4.573        
i_dsp/genblk4[4].iir/y0_reg[3]/C
                               i_dsp/genblk4[4].iir/p_by0_reg[1]/D
                                                              -4.570        
i_dsp/genblk4[4].iir/y1b_reg[12]/C
                               i_dsp/genblk4[4].iir/p_by1_reg[25]/D
                                                              -4.569        
i_ps/axi_slave_gp0/wr_wdata_reg[10]/C
                               i_asg/at_invert_a_reg/D        -4.569        
i_dsp/genblk4[4].iir/y0_reg[3]/C
                               i_dsp/genblk4[4].iir/p_by0_reg[23]/D
                                                              -4.563        
i_ps/system_i/system_i/axi_protocol_converter_0/inst/gen_axilite.gen_b2s_conv.axilite_b2s/WR.b_channel_0/bid_fifo_0/cnt_read_reg[1]_rep__1/C
                               i_ps/system_i/system_i/axi_protocol_converter_0/inst/gen_axilite.gen_b2s_conv.axilite_b2s/WR.aw_channel_0/cmd_translator_0/incr_cmd_0/axaddr_incr_reg[11]/D
                                                              -1.920        
i_ps/system_i/system_i/axi_protocol_converter_0/inst/gen_axilite.gen_b2s_conv.axilite_b2s/WR.b_channel_0/bresp_fifo_0/cnt_read_reg[1]/C
                               i_ps/system_i/system_i/xadc/inst/INTR_CTRLR_GEN_I.ip2bus_data_int_reg[26]/CE
                                                              -1.657        
i_ps/system_i/system_i/axi_protocol_converter_0/inst/gen_axilite.gen_b2s_conv.axilite_b2s/WR.b_channel_0/bresp_fifo_0/cnt_read_reg[1]/C
                               i_ps/system_i/system_i/xadc/inst/INTR_CTRLR_GEN_I.ip2bus_data_int_reg[27]/CE
                                                              -1.657        
i_ps/system_i/system_i/xadc/inst/INTR_CTRLR_GEN_I.ip2bus_rdack_reg/C
                               i_ps/system_i/system_i/axi_protocol_converter_0/inst/gen_axilite.gen_b2s_conv.axilite_b2s/RD.ar_channel_0/cmd_translator_0/incr_cmd_0/axaddr_incr_reg[11]/D
                                                              -1.548        
i_ps/system_i/system_i/axi_protocol_converter_0/inst/gen_axilite.gen_b2s_conv.axilite_b2s/WR.b_channel_0/bresp_fifo_0/cnt_read_reg[1]/C
                               i_ps/system_i/system_i/xadc/inst/INTR_CTRLR_GEN_I.ip2bus_data_int_reg[19]/CE
                                                              -1.517        
i_ps/system_i/system_i/axi_protocol_converter_0/inst/gen_axilite.gen_b2s_conv.axilite_b2s/WR.b_channel_0/bresp_fifo_0/cnt_read_reg[1]/C
                               i_ps/system_i/system_i/xadc/inst/INTR_CTRLR_GEN_I.ip2bus_data_int_reg[28]/CE
                                                              -1.517        
i_ps/system_i/system_i/axi_protocol_converter_0/inst/gen_axilite.gen_b2s_conv.axilite_b2s/WR.b_channel_0/bresp_fifo_0/cnt_read_reg[1]/C
                               i_ps/system_i/system_i/xadc/inst/INTR_CTRLR_GEN_I.ip2bus_data_int_reg[30]/CE
                                                              -1.517        
i_ps/system_i/system_i/axi_protocol_converter_0/inst/gen_axilite.gen_b2s_conv.axilite_b2s/WR.b_channel_0/bresp_fifo_0/cnt_read_reg[1]/C
                               i_ps/system_i/system_i/xadc/inst/INTR_CTRLR_GEN_I.ip2bus_data_int_reg[17]/CE
                                                              -1.458        
i_ps/system_i/system_i/axi_protocol_converter_0/inst/gen_axilite.gen_b2s_conv.axilite_b2s/WR.b_channel_0/bresp_fifo_0/cnt_read_reg[1]/C
                               i_ps/system_i/system_i/xadc/inst/INTR_CTRLR_GEN_I.ip2bus_data_int_reg[18]/CE
                                                              -1.458        
i_ps/system_i/system_i/axi_protocol_converter_0/inst/gen_axilite.gen_b2s_conv.axilite_b2s/WR.b_channel_0/bresp_fifo_0/cnt_read_reg[1]/C
                               i_ps/system_i/system_i/xadc/inst/INTR_CTRLR_GEN_I.ip2bus_data_int_reg[20]/CE
                                                              -1.458        
i_ps/system_i/system_i/axi_protocol_converter_0/inst/gen_axilite.gen_b2s_conv.axilite_b2s/WR.b_channel_0/bresp_fifo_0/cnt_read_reg[1]/C
                               i_ps/system_i/system_i/xadc/inst/INTR_CTRLR_GEN_I.ip2bus_data_int_reg[29]/CE
                                                              -1.458        
i_ps/system_i/system_i/axi_protocol_converter_0/inst/gen_axilite.gen_b2s_conv.axilite_b2s/WR.b_channel_0/bresp_fifo_0/cnt_read_reg[1]/C
                               i_ps/system_i/system_i/xadc/inst/INTR_CTRLR_GEN_I.ip2bus_data_int_reg[16]/CE
                                                              -1.373        
i_ps/system_i/system_i/axi_protocol_converter_0/inst/gen_axilite.gen_b2s_conv.axilite_b2s/WR.b_channel_0/bresp_fifo_0/cnt_read_reg[1]/C
                               i_ps/system_i/system_i/xadc/inst/INTR_CTRLR_GEN_I.ip2bus_data_int_reg[21]/CE
                                                              -1.373        
i_ps/system_i/system_i/axi_protocol_converter_0/inst/gen_axilite.gen_b2s_conv.axilite_b2s/WR.b_channel_0/bresp_fifo_0/cnt_read_reg[1]/C
                               i_ps/system_i/system_i/xadc/inst/INTR_CTRLR_GEN_I.ip2bus_data_int_reg[24]/CE
                                                              -1.373        
i_ps/system_i/system_i/axi_protocol_converter_0/inst/gen_axilite.gen_b2s_conv.axilite_b2s/WR.b_channel_0/bresp_fifo_0/cnt_read_reg[1]/C
                               i_ps/system_i/system_i/xadc/inst/INTR_CTRLR_GEN_I.ip2bus_data_int_reg[25]/CE
                                                              -1.373        
i_ps/system_i/system_i/axi_protocol_converter_0/inst/gen_axilite.gen_b2s_conv.axilite_b2s/WR.b_channel_0/bresp_fifo_0/cnt_read_reg[1]/C
                               i_ps/system_i/system_i/xadc/inst/INTR_CTRLR_GEN_I.ip2bus_data_int_reg[0]/CE
                                                              -1.296        
i_ps/system_i/system_i/axi_protocol_converter_0/inst/gen_axilite.gen_b2s_conv.axilite_b2s/WR.b_channel_0/bresp_fifo_0/cnt_read_reg[1]/C
                               i_ps/system_i/system_i/xadc/inst/INTR_CTRLR_GEN_I.ip2bus_data_int_reg[14]/CE
                                                              -1.296        
i_ps/system_i/system_i/axi_protocol_converter_0/inst/gen_axilite.gen_b2s_conv.axilite_b2s/WR.b_channel_0/bresp_fifo_0/cnt_read_reg[1]/C
                               i_ps/system_i/system_i/xadc/inst/INTR_CTRLR_GEN_I.ip2bus_data_int_reg[15]/CE
                                                              -1.296        
i_ps/system_i/system_i/axi_protocol_converter_0/inst/gen_axilite.gen_b2s_conv.axilite_b2s/WR.b_channel_0/bresp_fifo_0/cnt_read_reg[1]/C
                               i_ps/system_i/system_i/xadc/inst/INTR_CTRLR_GEN_I.ip2bus_data_int_reg[22]/CE
                                                              -1.289        
i_ps/system_i/system_i/axi_protocol_converter_0/inst/gen_axilite.gen_b2s_conv.axilite_b2s/WR.b_channel_0/bresp_fifo_0/cnt_read_reg[1]/C
                               i_ps/system_i/system_i/xadc/inst/INTR_CTRLR_GEN_I.ip2bus_data_int_reg[23]/CE
                                                              -1.289        
i_ps/system_i/system_i/axi_protocol_converter_0/inst/gen_axilite.gen_b2s_conv.axilite_b2s/WR.b_channel_0/bresp_fifo_0/cnt_read_reg[1]/C
                               i_ps/system_i/system_i/xadc/inst/INTR_CTRLR_GEN_I.ip2bus_data_int_reg[31]/CE
                                                              -1.289        
i_ps/system_i/system_i/axi_protocol_converter_0/inst/gen_axilite.gen_b2s_conv.axilite_b2s/WR.b_channel_0/bid_fifo_0/cnt_read_reg[1]_rep__1/C
                               i_ps/system_i/system_i/axi_protocol_converter_0/inst/gen_axilite.gen_b2s_conv.axilite_b2s/WR.aw_channel_0/cmd_translator_0/incr_cmd_0/axaddr_incr_reg[9]/D
                                                              -1.222        
i_ps/system_i/system_i/axi_protocol_converter_0/inst/gen_axilite.gen_b2s_conv.axilite_b2s/WR.b_channel_0/bid_fifo_0/cnt_read_reg[1]_rep__1/C
                               i_ps/system_i/system_i/axi_protocol_converter_0/inst/gen_axilite.gen_b2s_conv.axilite_b2s/WR.aw_channel_0/cmd_translator_0/incr_cmd_0/axaddr_incr_reg[10]/D
                                                              -1.138        
i_ps/system_i/system_i/axi_protocol_converter_0/inst/gen_axilite.gen_b2s_conv.axilite_b2s/WR.b_channel_0/bid_fifo_0/cnt_read_reg[1]_rep__1/C
                               i_ps/system_i/system_i/axi_protocol_converter_0/inst/gen_axilite.gen_b2s_conv.axilite_b2s/WR.aw_channel_0/cmd_translator_0/incr_cmd_0/axaddr_incr_reg[8]/D
                                                              -1.118        
i_ps/system_i/system_i/axi_protocol_converter_0/inst/gen_axilite.gen_b2s_conv.axilite_b2s/RD.ar_channel_0/ar_cmd_fsm_0/state_reg[1]/C
                               i_ps/system_i/system_i/axi_protocol_converter_0/inst/gen_axilite.gen_b2s_conv.axilite_b2s/RD.ar_channel_0/cmd_translator_0/wrap_cmd_0/wrap_second_len_r_reg[0]/D
                                                              -1.100        
i_ps/system_i/system_i/axi_protocol_converter_0/inst/gen_axilite.gen_b2s_conv.axilite_b2s/WR.b_channel_0/bid_fifo_0/cnt_read_reg[1]_rep__1/C
                               i_ps/system_i/system_i/axi_protocol_converter_0/inst/gen_axilite.gen_b2s_conv.axilite_b2s/WR.aw_channel_0/cmd_translator_0/incr_cmd_0/axaddr_incr_reg[7]/D
                                                              -1.007        
i_ps/system_i/system_i/axi_protocol_converter_0/inst/gen_axilite.gen_b2s_conv.axilite_b2s/WR.b_channel_0/bid_fifo_0/cnt_read_reg[1]_rep__1/C
                               i_ps/system_i/system_i/axi_protocol_converter_0/inst/gen_axilite.gen_b2s_conv.axilite_b2s/WR.aw_channel_0/cmd_translator_0/incr_cmd_0/axaddr_incr_reg[6]/D
                                                              -0.942        
i_ps/system_i/system_i/xadc/inst/INTR_CTRLR_GEN_I.ip2bus_rdack_reg/C
                               i_ps/system_i/system_i/axi_protocol_converter_0/inst/gen_axilite.gen_b2s_conv.axilite_b2s/RD.ar_channel_0/cmd_translator_0/incr_cmd_0/axaddr_incr_reg[9]/D
                                                              -0.910        
i_ps/system_i/system_i/axi_protocol_converter_0/inst/gen_axilite.gen_b2s_conv.axilite_b2s/WR.b_channel_0/bid_fifo_0/cnt_read_reg[1]_rep__1/C
                               i_ps/system_i/system_i/axi_protocol_converter_0/inst/gen_axilite.gen_b2s_conv.axilite_b2s/WR.aw_channel_0/cmd_translator_0/incr_cmd_0/axaddr_incr_reg[5]/D
                                                              -0.891        
i_ps/system_i/system_i/processing_system7/inst/PS7_i/MAXIGP1ACLK
                               i_ps/system_i/system_i/xadc/inst/SOFT_RESET_I/reset_trig_reg/D
                                                              -0.842        
i_ps/system_i/system_i/axi_protocol_converter_0/inst/gen_axilite.gen_b2s_conv.axilite_b2s/SI_REG/ar_pipe/m_payload_i_reg[3]/C
                               i_ps/system_i/system_i/xadc/inst/AXI_XADC_CORE_I/XADC_INST/DADDR[1]
                                                              -0.820        
i_ps/system_i/system_i/xadc/inst/INTR_CTRLR_GEN_I.ip2bus_rdack_reg/C
                               i_ps/system_i/system_i/axi_protocol_converter_0/inst/gen_axilite.gen_b2s_conv.axilite_b2s/RD.ar_channel_0/cmd_translator_0/incr_cmd_0/axaddr_incr_reg[10]/D
                                                              -0.815        
i_ps/system_i/system_i/xadc/inst/INTR_CTRLR_GEN_I.ip2bus_rdack_reg/C
                               i_ps/system_i/system_i/axi_protocol_converter_0/inst/gen_axilite.gen_b2s_conv.axilite_b2s/RD.ar_channel_0/cmd_translator_0/incr_cmd_0/axaddr_incr_reg[8]/D
                                                              -0.799        
i_ps/system_i/system_i/axi_protocol_converter_0/inst/gen_axilite.gen_b2s_conv.axilite_b2s/WR.b_channel_0/bid_fifo_0/cnt_read_reg[1]_rep__1/C
                               i_ps/system_i/system_i/axi_protocol_converter_0/inst/gen_axilite.gen_b2s_conv.axilite_b2s/WR.aw_channel_0/cmd_translator_0/incr_cmd_0/axaddr_incr_reg[4]/D
                                                              -0.787        
i_ps/system_i/system_i/axi_protocol_converter_0/inst/gen_axilite.gen_b2s_conv.axilite_b2s/RD.r_channel_0/rd_data_fifo_0/cnt_read_reg[0]_rep__2/C
                               i_ps/system_i/system_i/axi_protocol_converter_0/inst/gen_axilite.gen_b2s_conv.axilite_b2s/RD.ar_channel_0/s_arid_r_reg[0]/CE
                                                              -0.777        
i_ps/system_i/system_i/axi_protocol_converter_0/inst/gen_axilite.gen_b2s_conv.axilite_b2s/RD.r_channel_0/rd_data_fifo_0/cnt_read_reg[0]_rep__2/C
                               i_ps/system_i/system_i/axi_protocol_converter_0/inst/gen_axilite.gen_b2s_conv.axilite_b2s/RD.ar_channel_0/s_arid_r_reg[11]/CE
                                                              -0.777        
i_ps/system_i/system_i/axi_protocol_converter_0/inst/gen_axilite.gen_b2s_conv.axilite_b2s/RD.r_channel_0/rd_data_fifo_0/cnt_read_reg[0]_rep__2/C
                               i_ps/system_i/system_i/axi_protocol_converter_0/inst/gen_axilite.gen_b2s_conv.axilite_b2s/RD.ar_channel_0/s_arid_r_reg[1]/CE
                                                              -0.777        
i_ps/system_i/system_i/axi_protocol_converter_0/inst/gen_axilite.gen_b2s_conv.axilite_b2s/RD.r_channel_0/rd_data_fifo_0/cnt_read_reg[0]_rep__2/C
                               i_ps/system_i/system_i/axi_protocol_converter_0/inst/gen_axilite.gen_b2s_conv.axilite_b2s/RD.ar_channel_0/s_arid_r_reg[3]/CE
                                                              -0.777        
i_ps/system_i/system_i/axi_protocol_converter_0/inst/gen_axilite.gen_b2s_conv.axilite_b2s/RD.r_channel_0/rd_data_fifo_0/cnt_read_reg[0]_rep__2/C
                               i_ps/system_i/system_i/axi_protocol_converter_0/inst/gen_axilite.gen_b2s_conv.axilite_b2s/RD.ar_channel_0/s_arid_r_reg[4]/CE
                                                              -0.777        
i_ps/system_i/system_i/axi_protocol_converter_0/inst/gen_axilite.gen_b2s_conv.axilite_b2s/RD.r_channel_0/rd_data_fifo_0/cnt_read_reg[0]_rep__2/C
                               i_ps/system_i/system_i/axi_protocol_converter_0/inst/gen_axilite.gen_b2s_conv.axilite_b2s/RD.ar_channel_0/s_arid_r_reg[5]/CE
                                                              -0.777        
i_ps/system_i/system_i/axi_protocol_converter_0/inst/gen_axilite.gen_b2s_conv.axilite_b2s/RD.r_channel_0/rd_data_fifo_0/cnt_read_reg[0]_rep__2/C
                               i_ps/system_i/system_i/axi_protocol_converter_0/inst/gen_axilite.gen_b2s_conv.axilite_b2s/RD.ar_channel_0/cmd_translator_0/s_axburst_eq0_reg/CE
                                                              -0.763        
i_ps/system_i/system_i/axi_protocol_converter_0/inst/gen_axilite.gen_b2s_conv.axilite_b2s/RD.r_channel_0/rd_data_fifo_0/cnt_read_reg[0]_rep__2/C
                               i_ps/system_i/system_i/axi_protocol_converter_0/inst/gen_axilite.gen_b2s_conv.axilite_b2s/RD.ar_channel_0/cmd_translator_0/s_axburst_eq1_reg/CE
                                                              -0.763        
i_ps/system_i/system_i/axi_protocol_converter_0/inst/gen_axilite.gen_b2s_conv.axilite_b2s/RD.r_channel_0/rd_data_fifo_0/cnt_read_reg[0]_rep__2/C
                               i_ps/system_i/system_i/axi_protocol_converter_0/inst/gen_axilite.gen_b2s_conv.axilite_b2s/RD.ar_channel_0/s_arid_r_reg[6]/CE
                                                              -0.763        
i_ps/system_i/system_i/axi_protocol_converter_0/inst/gen_axilite.gen_b2s_conv.axilite_b2s/RD.r_channel_0/rd_data_fifo_0/cnt_read_reg[0]_rep__2/C
                               i_ps/system_i/system_i/axi_protocol_converter_0/inst/gen_axilite.gen_b2s_conv.axilite_b2s/RD.ar_channel_0/s_arid_r_reg[7]/CE
                                                              -0.763        
i_ps/system_i/system_i/axi_protocol_converter_0/inst/gen_axilite.gen_b2s_conv.axilite_b2s/RD.r_channel_0/rd_data_fifo_0/cnt_read_reg[0]_rep__2/C
                               i_ps/system_i/system_i/axi_protocol_converter_0/inst/gen_axilite.gen_b2s_conv.axilite_b2s/RD.ar_channel_0/s_arid_r_reg[8]/CE
                                                              -0.763        
i_ps/system_i/system_i/axi_protocol_converter_0/inst/gen_axilite.gen_b2s_conv.axilite_b2s/RD.r_channel_0/rd_data_fifo_0/cnt_read_reg[0]_rep__2/C
                               i_ps/system_i/system_i/axi_protocol_converter_0/inst/gen_axilite.gen_b2s_conv.axilite_b2s/RD.ar_channel_0/s_arid_r_reg[9]/CE
                                                              -0.763        
i_ps/system_i/system_i/axi_protocol_converter_0/inst/gen_axilite.gen_b2s_conv.axilite_b2s/SI_REG/ar_pipe/m_payload_i_reg[9]/C
                               i_ps/system_i/system_i/xadc/inst/AXI_LITE_IPIF_I/I_SLAVE_ATTACHMENT/I_DECODER/GEN_BKEND_CE_REGISTERS[9].ce_out_i_reg[9]/D
                                                              -0.759        
i_ps/system_i/system_i/axi_protocol_converter_0/inst/gen_axilite.gen_b2s_conv.axilite_b2s/WR.aw_channel_0/aw_cmd_fsm_0/state_reg[0]/C
                               i_ps/system_i/system_i/axi_protocol_converter_0/inst/gen_axilite.gen_b2s_conv.axilite_b2s/WR.aw_channel_0/cmd_translator_0/wrap_cmd_0/wrap_second_len_r_reg[0]/D
                                                              -0.726        
i_ps/system_i/system_i/axi_protocol_converter_0/inst/gen_axilite.gen_b2s_conv.axilite_b2s/SI_REG/ar_pipe/m_payload_i_reg[9]/C
                               i_ps/system_i/system_i/xadc/inst/AXI_LITE_IPIF_I/I_SLAVE_ATTACHMENT/I_DECODER/GEN_BKEND_CE_REGISTERS[22].ce_out_i_reg[22]/D
                                                              -0.706        
i_ps/system_i/system_i/axi_protocol_converter_0/inst/gen_axilite.gen_b2s_conv.axilite_b2s/SI_REG/ar_pipe/m_payload_i_reg[9]/C
                               i_ps/system_i/system_i/xadc/inst/AXI_LITE_IPIF_I/I_SLAVE_ATTACHMENT/I_DECODER/GEN_BKEND_CE_REGISTERS[23].ce_out_i_reg[23]/D
                                                              -0.700        
i_ps/system_i/system_i/axi_protocol_converter_0/inst/gen_axilite.gen_b2s_conv.axilite_b2s/SI_REG/ar_pipe/m_payload_i_reg[9]/C
                               i_ps/system_i/system_i/xadc/inst/AXI_LITE_IPIF_I/I_SLAVE_ATTACHMENT/I_DECODER/GEN_BKEND_CE_REGISTERS[11].ce_out_i_reg[11]/D
                                                              -0.698        
i_ps/system_i/system_i/xadc/inst/INTR_CTRLR_GEN_I.ip2bus_rdack_reg/C
                               i_ps/system_i/system_i/axi_protocol_converter_0/inst/gen_axilite.gen_b2s_conv.axilite_b2s/RD.ar_channel_0/cmd_translator_0/incr_cmd_0/axaddr_incr_reg[5]/D
                                                              -0.691        
i_ps/system_i/system_i/processing_system7/inst/PS7_i/MAXIGP1ACLK
                               i_ps/system_i/system_i/xadc/inst/INTR_CTRLR_GEN_I.INTERRUPT_CONTROL_I/ip_irpt_enable_reg_reg[12]/CE
                                                              -0.690        
i_ps/system_i/system_i/processing_system7/inst/PS7_i/MAXIGP1ACLK
                               i_ps/system_i/system_i/xadc/inst/INTR_CTRLR_GEN_I.INTERRUPT_CONTROL_I/ip_irpt_enable_reg_reg[13]/CE
                                                              -0.690        
i_ps/system_i/system_i/processing_system7/inst/PS7_i/MAXIGP1ACLK
                               i_ps/system_i/system_i/xadc/inst/INTR_CTRLR_GEN_I.INTERRUPT_CONTROL_I/ip_irpt_enable_reg_reg[1]/CE
                                                              -0.690        
i_ps/system_i/system_i/processing_system7/inst/PS7_i/MAXIGP1ACLK
                               i_ps/system_i/system_i/xadc/inst/INTR_CTRLR_GEN_I.INTERRUPT_CONTROL_I/ip_irpt_enable_reg_reg[2]/CE
                                                              -0.690        
i_ps/system_i/system_i/processing_system7/inst/PS7_i/MAXIGP1ACLK
                               i_ps/system_i/system_i/xadc/inst/INTR_CTRLR_GEN_I.INTERRUPT_CONTROL_I/ip_irpt_enable_reg_reg[5]/CE
                                                              -0.690        
i_ps/system_i/system_i/axi_protocol_converter_0/inst/gen_axilite.gen_b2s_conv.axilite_b2s/SI_REG/ar_pipe/m_payload_i_reg[9]/C
                               i_ps/system_i/system_i/xadc/inst/AXI_LITE_IPIF_I/I_SLAVE_ATTACHMENT/I_DECODER/GEN_BKEND_CE_REGISTERS[10].ce_out_i_reg[10]/D
                                                              -0.688        
i_ps/system_i/system_i/axi_protocol_converter_0/inst/gen_axilite.gen_b2s_conv.axilite_b2s/RD.ar_channel_0/ar_cmd_fsm_0/state_reg[1]/C
                               i_ps/system_i/system_i/axi_protocol_converter_0/inst/gen_axilite.gen_b2s_conv.axilite_b2s/RD.ar_channel_0/cmd_translator_0/wrap_cmd_0/wrap_cnt_r_reg[3]/D
                                                              -0.683        
i_ps/system_i/system_i/axi_protocol_converter_0/inst/gen_axilite.gen_b2s_conv.axilite_b2s/SI_REG/ar_pipe/m_payload_i_reg[9]/C
                               i_ps/system_i/system_i/xadc/inst/AXI_LITE_IPIF_I/I_SLAVE_ATTACHMENT/I_DECODER/GEN_BKEND_CE_REGISTERS[20].ce_out_i_reg[20]/D
                                                              -0.683        
i_ps/system_i/system_i/processing_system7/inst/PS7_i/MAXIGP1ACLK
                               i_ps/system_i/system_i/xadc/inst/INTR_CTRLR_GEN_I.ip2bus_wrack_reg/D
                                                              -0.679        
i_ps/system_i/system_i/axi_protocol_converter_0/inst/gen_axilite.gen_b2s_conv.axilite_b2s/SI_REG/ar_pipe/m_payload_i_reg[9]/C
                               i_ps/system_i/system_i/xadc/inst/AXI_LITE_IPIF_I/I_SLAVE_ATTACHMENT/I_DECODER/GEN_BKEND_CE_REGISTERS[17].ce_out_i_reg[17]/D
                                                              -0.673        
i_ps/system_i/system_i/axi_protocol_converter_0/inst/gen_axilite.gen_b2s_conv.axilite_b2s/SI_REG/ar_pipe/m_payload_i_reg[9]/C
                               i_ps/system_i/system_i/xadc/inst/AXI_LITE_IPIF_I/I_SLAVE_ATTACHMENT/I_DECODER/GEN_BKEND_CE_REGISTERS[18].ce_out_i_reg[18]/D
                                                              -0.671        
i_ps/system_i/system_i/axi_protocol_converter_0/inst/gen_axilite.gen_b2s_conv.axilite_b2s/SI_REG/ar_pipe/m_payload_i_reg[9]/C
                               i_ps/system_i/system_i/xadc/inst/AXI_LITE_IPIF_I/I_SLAVE_ATTACHMENT/I_DECODER/GEN_BKEND_CE_REGISTERS[14].ce_out_i_reg[14]/D
                                                              -0.670        
i_ps/system_i/system_i/xadc/inst/INTR_CTRLR_GEN_I.ip2bus_rdack_reg/C
                               i_ps/system_i/system_i/axi_protocol_converter_0/inst/gen_axilite.gen_b2s_conv.axilite_b2s/RD.ar_channel_0/cmd_translator_0/incr_cmd_0/axaddr_incr_reg[7]/D
                                                              -0.670        
i_ps/system_i/system_i/axi_protocol_converter_0/inst/gen_axilite.gen_b2s_conv.axilite_b2s/WR.b_channel_0/bid_fifo_0/cnt_read_reg[1]_rep__1/C
                               i_ps/system_i/system_i/axi_protocol_converter_0/inst/gen_axilite.gen_b2s_conv.axilite_b2s/WR.aw_channel_0/cmd_translator_0/incr_cmd_0/axaddr_incr_reg[3]/D
                                                              -0.629        
i_ps/system_i/system_i/xadc/inst/INTR_CTRLR_GEN_I.ip2bus_wrack_reg/C
                               i_ps/system_i/system_i/axi_protocol_converter_0/inst/gen_axilite.gen_b2s_conv.axilite_b2s/WR.aw_channel_0/s_awid_r_reg[0]/CE
                                                              -0.620        
i_ps/system_i/system_i/xadc/inst/INTR_CTRLR_GEN_I.ip2bus_wrack_reg/C
                               i_ps/system_i/system_i/axi_protocol_converter_0/inst/gen_axilite.gen_b2s_conv.axilite_b2s/WR.aw_channel_0/s_awid_r_reg[10]/CE
                                                              -0.620        
i_ps/system_i/system_i/xadc/inst/INTR_CTRLR_GEN_I.ip2bus_wrack_reg/C
                               i_ps/system_i/system_i/axi_protocol_converter_0/inst/gen_axilite.gen_b2s_conv.axilite_b2s/WR.aw_channel_0/s_awlen_r_reg[0]/CE
                                                              -0.620        
i_ps/system_i/system_i/axi_protocol_converter_0/inst/gen_axilite.gen_b2s_conv.axilite_b2s/SI_REG/ar_pipe/m_payload_i_reg[9]/C
                               i_ps/system_i/system_i/xadc/inst/AXI_LITE_IPIF_I/I_SLAVE_ATTACHMENT/I_DECODER/GEN_BKEND_CE_REGISTERS[21].ce_out_i_reg[21]/D
                                                              -0.616        
i_ps/system_i/system_i/axi_protocol_converter_0/inst/gen_axilite.gen_b2s_conv.axilite_b2s/SI_REG/ar_pipe/m_payload_i_reg[9]/C
                               i_ps/system_i/system_i/xadc/inst/AXI_LITE_IPIF_I/I_SLAVE_ATTACHMENT/I_DECODER/GEN_BKEND_CE_REGISTERS[8].ce_out_i_reg[8]/D
                                                              -0.612        
i_ps/system_i/system_i/axi_protocol_converter_0/inst/gen_axilite.gen_b2s_conv.axilite_b2s/SI_REG/ar_pipe/m_payload_i_reg[9]/C
                               i_ps/system_i/system_i/xadc/inst/AXI_LITE_IPIF_I/I_SLAVE_ATTACHMENT/I_DECODER/GEN_BKEND_CE_REGISTERS[13].ce_out_i_reg[13]/D
                                                              -0.609        
i_ps/system_i/system_i/axi_protocol_converter_0/inst/gen_axilite.gen_b2s_conv.axilite_b2s/SI_REG/aw_pipe/m_payload_i_reg[4]/C
                               i_ps/system_i/system_i/xadc/inst/AXI_XADC_CORE_I/XADC_INST/DADDR[2]
                                                              -0.603        
i_ps/system_i/system_i/xadc/inst/INTR_CTRLR_GEN_I.ip2bus_wrack_reg/C
                               i_ps/system_i/system_i/axi_protocol_converter_0/inst/gen_axilite.gen_b2s_conv.axilite_b2s/WR.aw_channel_0/s_awid_r_reg[9]/CE
                                                              -0.603        
i_ps/system_i/system_i/xadc/inst/INTR_CTRLR_GEN_I.ip2bus_rdack_reg/C
                               i_ps/system_i/system_i/axi_protocol_converter_0/inst/gen_axilite.gen_b2s_conv.axilite_b2s/RD.ar_channel_0/cmd_translator_0/incr_cmd_0/axaddr_incr_reg[6]/D
                                                              -0.596        
i_ps/system_i/system_i/xadc/inst/bus2ip_reset_active_high_reg/C
                               i_ps/system_i/system_i/xadc/inst/AXI_XADC_CORE_I/do_reg_reg[0]/R
                                                              -0.581        
i_ps/system_i/system_i/xadc/inst/bus2ip_reset_active_high_reg/C
                               i_ps/system_i/system_i/xadc/inst/AXI_XADC_CORE_I/do_reg_reg[15]/R
                                                              -0.581        
i_ps/system_i/system_i/xadc/inst/bus2ip_reset_active_high_reg/C
                               i_ps/system_i/system_i/xadc/inst/AXI_XADC_CORE_I/do_reg_reg[3]/R
                                                              -0.581        
i_ps/system_i/system_i/axi_protocol_converter_0/inst/gen_axilite.gen_b2s_conv.axilite_b2s/SI_REG/ar_pipe/m_payload_i_reg[5]/C
                               i_ps/system_i/system_i/xadc/inst/AXI_XADC_CORE_I/XADC_INST/DADDR[3]
                                                              -0.580        
i_ps/system_i/system_i/xadc/inst/INTR_CTRLR_GEN_I.ip2bus_rdack_reg/C
                               i_ps/system_i/system_i/axi_protocol_converter_0/inst/gen_axilite.gen_b2s_conv.axilite_b2s/RD.ar_channel_0/cmd_translator_0/incr_cmd_0/axaddr_incr_reg[4]/D
                                                              -0.580        
i_ps/system_i/system_i/axi_protocol_converter_0/inst/gen_axilite.gen_b2s_conv.axilite_b2s/SI_REG/aw_pipe/m_payload_i_reg[7]/C
                               i_ps/system_i/system_i/xadc/inst/AXI_XADC_CORE_I/XADC_INST/DADDR[5]
                                                              -0.574        
i_ps/system_i/system_i/processing_system7/inst/PS7_i/MAXIGP1ACLK
                               i_ps/system_i/system_i/xadc/inst/INTR_CTRLR_GEN_I.INTERRUPT_CONTROL_I/ip_irpt_enable_reg_reg[3]/CE
                                                              -0.572        
i_ps/system_i/system_i/axi_protocol_converter_0/inst/gen_axilite.gen_b2s_conv.axilite_b2s/SI_REG/ar_pipe/m_payload_i_reg[5]/C
                               i_ps/system_i/system_i/xadc/inst/AXI_LITE_IPIF_I/I_SLAVE_ATTACHMENT/I_DECODER/GEN_BKEND_CE_REGISTERS[5].ce_out_i_reg[5]/D
                                                              -0.564        
i_ps/system_i/system_i/axi_protocol_converter_0/inst/gen_axilite.gen_b2s_conv.axilite_b2s/WR.b_channel_0/bid_fifo_0/cnt_read_reg[1]_rep__1/C
                               i_ps/system_i/system_i/axi_protocol_converter_0/inst/gen_axilite.gen_b2s_conv.axilite_b2s/WR.aw_channel_0/cmd_translator_0/incr_cmd_0/axaddr_incr_reg[2]/D
                                                              -0.564        
i_ps/system_i/system_i/xadc/inst/bus2ip_reset_active_high_reg/C
                               i_ps/system_i/system_i/xadc/inst/AXI_XADC_CORE_I/do_reg_reg[11]/R
                                                              -0.553        
i_ps/system_i/system_i/xadc/inst/bus2ip_reset_active_high_reg/C
                               i_ps/system_i/system_i/xadc/inst/AXI_XADC_CORE_I/do_reg_reg[12]/R
                                                              -0.553        
i_ps/system_i/system_i/xadc/inst/bus2ip_reset_active_high_reg/C
                               i_ps/system_i/system_i/xadc/inst/AXI_XADC_CORE_I/do_reg_reg[13]/R
                                                              -0.553        
i_ps/system_i/system_i/xadc/inst/bus2ip_reset_active_high_reg/C
                               i_ps/system_i/system_i/xadc/inst/AXI_XADC_CORE_I/do_reg_reg[14]/R
                                                              -0.553        
i_ps/system_i/system_i/xadc/inst/bus2ip_reset_active_high_reg/C
                               i_ps/system_i/system_i/xadc/inst/AXI_XADC_CORE_I/do_reg_reg[4]/R
                                                              -0.553        
i_ps/system_i/system_i/xadc/inst/bus2ip_reset_active_high_reg/C
                               i_ps/system_i/system_i/xadc/inst/AXI_XADC_CORE_I/do_reg_reg[5]/R
                                                              -0.553        
i_ps/system_i/system_i/xadc/inst/bus2ip_reset_active_high_reg/C
                               i_ps/system_i/system_i/xadc/inst/AXI_XADC_CORE_I/do_reg_reg[6]/R
                                                              -0.553        
i_ps/system_i/system_i/xadc/inst/bus2ip_reset_active_high_reg/C
                               i_ps/system_i/system_i/xadc/inst/AXI_XADC_CORE_I/do_reg_reg[7]/R
                                                              -0.553        
i_ps/system_i/system_i/axi_protocol_converter_0/inst/gen_axilite.gen_b2s_conv.axilite_b2s/RD.r_channel_0/rd_data_fifo_0/cnt_read_reg[0]_rep__2/C
                               i_ps/system_i/system_i/axi_protocol_converter_0/inst/gen_axilite.gen_b2s_conv.axilite_b2s/RD.ar_channel_0/cmd_translator_0/wrap_cmd_0/wrap_cnt_r_reg[0]/CE
                                                              -0.551        
i_ps/system_i/system_i/axi_protocol_converter_0/inst/gen_axilite.gen_b2s_conv.axilite_b2s/RD.r_channel_0/rd_data_fifo_0/cnt_read_reg[0]_rep__2/C
                               i_ps/system_i/system_i/axi_protocol_converter_0/inst/gen_axilite.gen_b2s_conv.axilite_b2s/RD.ar_channel_0/cmd_translator_0/wrap_cmd_0/wrap_cnt_r_reg[1]/CE
                                                              -0.551        
i_ps/system_i/system_i/axi_protocol_converter_0/inst/gen_axilite.gen_b2s_conv.axilite_b2s/RD.r_channel_0/rd_data_fifo_0/cnt_read_reg[0]_rep__2/C
                               i_ps/system_i/system_i/axi_protocol_converter_0/inst/gen_axilite.gen_b2s_conv.axilite_b2s/RD.ar_channel_0/cmd_translator_0/wrap_cmd_0/wrap_cnt_r_reg[2]/CE
                                                              -0.551        
i_ps/system_i/system_i/axi_protocol_converter_0/inst/gen_axilite.gen_b2s_conv.axilite_b2s/RD.r_channel_0/rd_data_fifo_0/cnt_read_reg[0]_rep__2/C
                               i_ps/system_i/system_i/axi_protocol_converter_0/inst/gen_axilite.gen_b2s_conv.axilite_b2s/RD.ar_channel_0/cmd_translator_0/wrap_cmd_0/wrap_cnt_r_reg[3]/CE
                                                              -0.551        
i_ps/system_i/system_i/axi_protocol_converter_0/inst/gen_axilite.gen_b2s_conv.axilite_b2s/RD.r_channel_0/rd_data_fifo_0/cnt_read_reg[0]_rep__2/C
                               i_ps/system_i/system_i/axi_protocol_converter_0/inst/gen_axilite.gen_b2s_conv.axilite_b2s/RD.ar_channel_0/s_arid_r_reg[10]/CE
                                                              -0.551        
i_ps/system_i/system_i/axi_protocol_converter_0/inst/gen_axilite.gen_b2s_conv.axilite_b2s/RD.r_channel_0/rd_data_fifo_0/cnt_read_reg[0]_rep__2/C
                               i_ps/system_i/system_i/axi_protocol_converter_0/inst/gen_axilite.gen_b2s_conv.axilite_b2s/RD.ar_channel_0/s_arid_r_reg[2]/CE
                                                              -0.551        
i_ps/system_i/system_i/axi_protocol_converter_0/inst/gen_axilite.gen_b2s_conv.axilite_b2s/SI_REG/ar_pipe/m_payload_i_reg[9]/C
                               i_ps/system_i/system_i/xadc/inst/AXI_LITE_IPIF_I/I_SLAVE_ATTACHMENT/I_DECODER/GEN_BKEND_CE_REGISTERS[19].ce_out_i_reg[19]/D
                                                              -0.545        
i_ps/system_i/system_i/axi_protocol_converter_0/inst/gen_axilite.gen_b2s_conv.axilite_b2s/SI_REG/ar_pipe/m_payload_i_reg[9]/C
                               i_ps/system_i/system_i/xadc/inst/AXI_LITE_IPIF_I/I_SLAVE_ATTACHMENT/I_DECODER/GEN_BKEND_CE_REGISTERS[16].ce_out_i_reg[16]/D
                                                              -0.542        
pwm[1]/v_r_reg[2]/C            pwm[1]/pwm_o_reg/D             -0.282        
pwm[2]/vcnt_r_reg[1]/C         pwm[2]/pwm_o_reg/D             -0.254        
pwm[3]/vcnt_r_reg[0]/C         pwm[3]/pwm_o_reg/D             -0.173        
pwm[0]/v_r_reg[6]/C            pwm[0]/pwm_o_reg/D             -0.173        
pwm_rstn_reg/C                 pwm[3]/pwm_o_reg/R             0.359         
i_ams/dac_c_o_reg[0]/C         pwm[2]/b_reg[0]/D              0.379         
pwm_rstn_reg/C                 pwm[2]/pwm_o_reg/R             0.464         
dac_rst_reg/C                  oddr_dac_dat[13]/R             0.488         
dac_rst_reg/C                  oddr_dac_dat[12]/R             0.510         
dac_rst_reg/C                  oddr_dac_dat[11]/R             0.511         
i_ams/dac_c_o_reg[11]/C        pwm[2]/b_reg[11]/D             0.535         
i_ams/dac_c_o_reg[12]/C        pwm[2]/b_reg[12]/D             0.555         
pwm[1]/vcnt_reg[2]/C           pwm[1]/bcnt_reg[0]/CE          0.559         
pwm[1]/vcnt_reg[2]/C           pwm[1]/bcnt_reg[1]/CE          0.559         
pwm[1]/vcnt_reg[2]/C           pwm[1]/bcnt_reg[2]/CE          0.559         
pwm[1]/vcnt_reg[2]/C           pwm[1]/bcnt_reg[3]/CE          0.559         
i_ams/dac_b_o_reg[14]/C        pwm[1]/b_reg[14]/D             0.571         
dac_rst_reg/C                  oddr_dac_dat[6]/R              0.584         
dac_rst_reg/C                  oddr_dac_dat[3]/R              0.625         
pwm_rstn_reg/C                 pwm[1]/pwm_o_reg/R             0.630         
pwm[0]/bcnt_reg[1]/C           pwm[0]/v_reg[0]/CE             0.645         
pwm[0]/bcnt_reg[1]/C           pwm[0]/v_reg[2]/CE             0.645         
pwm[0]/bcnt_reg[1]/C           pwm[0]/v_reg[3]/CE             0.645         
pwm[0]/bcnt_reg[1]/C           pwm[0]/v_reg[6]/CE             0.645         
dac_rst_reg/C                  oddr_dac_dat[10]/R             0.658         
dac_rst_reg/C                  oddr_dac_dat[2]/R              0.673         
pwm_rstn_reg/C                 pwm[0]/pwm_o_reg/R             0.683         
dac_rst_reg/C                  oddr_dac_dat[0]/R              0.691         
i_ams/dac_c_o_reg[1]/C         pwm[2]/b_reg[1]/D              0.692         
dac_rst_reg/C                  oddr_dac_dat[1]/R              0.713         
dac_rst_reg/C                  oddr_dac_dat[7]/R              0.722         
dac_rst_reg/C                  oddr_dac_dat[9]/R              0.724         
pwm[0]/vcnt_reg[2]/C           pwm[0]/bcnt_reg[0]/CE          0.733         
pwm[0]/vcnt_reg[2]/C           pwm[0]/bcnt_reg[1]/CE          0.733         
pwm[0]/vcnt_reg[2]/C           pwm[0]/bcnt_reg[2]/CE          0.733         
pwm[0]/vcnt_reg[2]/C           pwm[0]/bcnt_reg[3]/CE          0.733         
i_ams/dac_c_o_reg[14]/C        pwm[2]/b_reg[14]/D             0.745         
pwm[3]/vcnt_reg[4]/C           pwm[3]/bcnt_reg[0]/CE          0.750         
pwm[3]/vcnt_reg[4]/C           pwm[3]/bcnt_reg[1]/CE          0.750         
pwm[3]/vcnt_reg[4]/C           pwm[3]/bcnt_reg[2]/CE          0.750         
pwm[3]/vcnt_reg[4]/C           pwm[3]/bcnt_reg[3]/CE          0.750         
pwm[0]/bcnt_reg[1]/C           pwm[0]/v_reg[1]/CE             0.760         
pwm[0]/bcnt_reg[1]/C           pwm[0]/v_reg[4]/CE             0.760         
pwm[0]/bcnt_reg[1]/C           pwm[0]/v_reg[5]/CE             0.760         
pwm[0]/bcnt_reg[1]/C           pwm[0]/v_reg[7]/CE             0.760         
dac_rst_reg/C                  oddr_dac_dat[4]/R              0.761         
pwm[1]/bcnt_reg[0]/C           pwm[1]/v_reg[0]/CE             0.762         
pwm[1]/bcnt_reg[0]/C           pwm[1]/v_reg[1]/CE             0.762         
pwm[1]/bcnt_reg[0]/C           pwm[1]/v_reg[2]/CE             0.762         
pwm[1]/bcnt_reg[0]/C           pwm[1]/v_reg[7]/CE             0.762         
i_ams/dac_c_o_reg[3]/C         pwm[2]/b_reg[3]/D              0.763         
i_ams/dac_a_o_reg[17]/C        pwm[0]/v_reg[1]/D              0.764         
pwm[3]/bcnt_reg[3]/C           pwm[3]/v_reg[0]/CE             0.768         
pwm[3]/bcnt_reg[3]/C           pwm[3]/v_reg[3]/CE             0.768         
pwm[3]/bcnt_reg[3]/C           pwm[3]/v_reg[6]/CE             0.768         
i_ams/dac_d_o_reg[5]/C         pwm[3]/b_reg[5]/D              0.769         
i_ams/dac_a_o_reg[10]/C        pwm[0]/b_reg[10]/D             0.828         
pwm[1]/vcnt_reg[2]/C           pwm[1]/b_reg[10]/CE            0.845         
pwm[1]/vcnt_reg[2]/C           pwm[1]/b_reg[5]/CE             0.845         
pwm[1]/vcnt_reg[2]/C           pwm[1]/b_reg[6]/CE             0.845         
pwm[1]/vcnt_reg[2]/C           pwm[1]/b_reg[8]/CE             0.845         
pwm_rstn_reg/C                 pwm[2]/b_reg[10]/CE            0.864         
i_ams/dac_b_o_reg[1]/C         pwm[1]/b_reg[1]/D              0.867         
pwm[3]/vcnt_reg[4]/C           pwm[3]/b_reg[11]/CE            0.867         
pwm[3]/vcnt_reg[4]/C           pwm[3]/b_reg[12]/CE            0.867         
pwm[3]/vcnt_reg[4]/C           pwm[3]/b_reg[1]/CE             0.867         
pwm[3]/vcnt_reg[4]/C           pwm[3]/b_reg[2]/CE             0.867         
pwm[1]/bcnt_reg[0]/C           pwm[1]/v_reg[3]/CE             0.868         
pwm[1]/bcnt_reg[0]/C           pwm[1]/v_reg[4]/CE             0.868         
pwm[1]/bcnt_reg[0]/C           pwm[1]/v_reg[5]/CE             0.868         
pwm[1]/bcnt_reg[0]/C           pwm[1]/v_reg[6]/CE             0.868         
pwm_rstn_reg/C                 pwm[2]/b_reg[4]/CE             0.870         
pwm_rstn_reg/C                 pwm[2]/b_reg[5]/CE             0.870         
pwm_rstn_reg/C                 pwm[2]/b_reg[6]/CE             0.870         
pwm_rstn_reg/C                 pwm[2]/b_reg[7]/CE             0.870         
dac_rst_reg/C                  oddr_dac_dat[8]/R              0.872         
pwm_rstn_reg/C                 pwm[2]/b_reg[11]/CE            0.876         
pwm_rstn_reg/C                 pwm[2]/b_reg[12]/CE            0.876         
pwm_rstn_reg/C                 pwm[2]/b_reg[13]/CE            0.876         
pwm_rstn_reg/C                 pwm[2]/b_reg[14]/CE            0.876         
pwm[3]/vcnt_reg[4]/C           pwm[3]/b_reg[3]/CE             0.880         
pwm[3]/vcnt_reg[4]/C           pwm[3]/b_reg[4]/CE             0.880         
pwm[3]/vcnt_reg[4]/C           pwm[3]/b_reg[5]/CE             0.880         
pwm[3]/vcnt_reg[4]/C           pwm[3]/b_reg[6]/CE             0.880         
pwm[3]/vcnt_reg[4]/C           pwm[3]/b_reg[0]/CE             0.881         
pwm[3]/vcnt_reg[4]/C           pwm[3]/b_reg[13]/CE            0.881         
pwm[3]/vcnt_reg[4]/C           pwm[3]/b_reg[14]/CE            0.881         
i_ams/dac_d_o_reg[9]/C         pwm[3]/b_reg[9]/D              0.884         
pwm_rstn_reg/C                 pwm[2]/b_reg[2]/CE             0.888         
pwm_rstn_reg/C                 pwm[2]/b_reg[3]/CE             0.888         
i_ams/dac_a_o_reg[0]/C         pwm[0]/b_reg[0]/D              0.892         
i_ams/dac_c_o_reg[8]/C         pwm[2]/b_reg[8]/D              0.892         
pwm[3]/vcnt_reg[4]/C           pwm[3]/b_reg[10]/CE            0.903         
pwm[3]/vcnt_reg[4]/C           pwm[3]/b_reg[15]/CE            0.903         
pwm[3]/vcnt_reg[4]/C           pwm[3]/b_reg[7]/CE             0.903         
pwm[3]/vcnt_reg[4]/C           pwm[3]/b_reg[8]/CE             0.903         
pwm[3]/vcnt_reg[4]/C           pwm[3]/b_reg[9]/CE             0.903         
pwm[0]/vcnt_reg[2]/C           pwm[0]/b_reg[7]/CE             0.907         
pwm[0]/vcnt_reg[2]/C           pwm[0]/b_reg[8]/CE             0.907         
pwm[0]/vcnt_reg[2]/C           pwm[0]/b_reg[9]/CE             0.907         
pwm_rstn_reg/C                 pwm[3]/bcnt_reg[0]/R           0.916         
pwm_rstn_reg/C                 pwm[3]/bcnt_reg[1]/R           0.916         
pwm_rstn_reg/C                 pwm[3]/bcnt_reg[2]/R           0.916         
pwm_rstn_reg/C                 pwm[3]/bcnt_reg[3]/R           0.916         
i_ams/dac_a_o_reg[11]/C        pwm[0]/b_reg[11]/D             0.920         
dac_rst_reg/C                  oddr_dac_dat[5]/R              0.921         
i_ams/dac_b_o_reg[3]/C         pwm[1]/b_reg[3]/D              0.941         
pwm[0]/vcnt_reg[2]/C           pwm[0]/b_reg[10]/CE            0.948         
pwm[0]/vcnt_reg[2]/C           pwm[0]/b_reg[5]/CE             0.948         
pwm[0]/vcnt_reg[2]/C           pwm[0]/b_reg[6]/CE             0.948         
pwm[0]/vcnt_reg[2]/C           pwm[0]/b_reg[0]/CE             0.949         
pwm[0]/vcnt_reg[2]/C           pwm[0]/b_reg[1]/CE             0.949         
pwm[0]/vcnt_reg[2]/C           pwm[0]/b_reg[2]/CE             0.949         
pwm[0]/vcnt_reg[2]/C           pwm[0]/b_reg[3]/CE             0.949         
dac_rst_reg/C                  oddr_dac_sel/R                 1.270         
dac_dat_a_reg[4]/C             oddr_dac_dat[4]/D2             1.410         
dac_dat_a_reg[10]/C            oddr_dac_dat[10]/D2            1.424         
dac_dat_a_reg[11]/C            oddr_dac_dat[11]/D2            1.434         
dac_dat_a_reg[8]/C             oddr_dac_dat[8]/D2             1.569         
dac_dat_a_reg[5]/C             oddr_dac_dat[5]/D2             1.612         
dac_dat_a_reg[2]/C             oddr_dac_dat[2]/D2             1.619         
dac_dat_a_reg[3]/C             oddr_dac_dat[3]/D2             1.624         
dac_rst_reg/C                  oddr_dac_rst/D2                1.782         
dac_dat_a_reg[6]/C             oddr_dac_dat[6]/D2             1.857         
dac_dat_a_reg[12]/C            oddr_dac_dat[12]/D2            1.884         
dac_dat_a_reg[9]/C             oddr_dac_dat[9]/D2             1.888         
dac_dat_a_reg[13]/C            oddr_dac_dat[13]/D2            1.895         
dac_dat_a_reg[7]/C             oddr_dac_dat[7]/D2             1.995         
dac_dat_a_reg[1]/C             oddr_dac_dat[1]/D2             1.999         
dac_dat_a_reg[0]/C             oddr_dac_dat[0]/D2             2.048         
i_dsp/sum1_reg[14]/C           dac_dat_a_reg[12]/D            2.172         
i_dsp/sum1_reg[15]/C           dac_dat_a_reg[2]/D             2.525         
i_dsp/sum2_reg[17]/C           dac_dat_b_reg[13]/D            2.659         
i_dsp/sum2_reg[14]/C           dac_dat_b_reg[6]/D             2.708         
i_dsp/sum2_reg[13]/C           dac_dat_b_reg[2]/D             2.737         
i_dsp/sum2_reg[13]/C           dac_dat_b_reg[0]/D             2.954         
i_dsp/sum1_reg[14]/C           dac_dat_a_reg[6]/D             3.068         
i_dsp/sum1_reg[17]/C           dac_dat_a_reg[13]/D            3.116         
i_dsp/sum1_reg[14]/C           dac_dat_a_reg[4]/D             3.130         
i_dsp/sum2_reg[13]/C           dac_dat_b_reg[12]/D            3.165         
i_dsp/sum1_reg[14]/C           dac_dat_a_reg[1]/D             3.183         
i_dsp/sum1_reg[5]/C            dac_dat_a_reg[5]/D             3.285         
i_dsp/sum1_reg[15]/C           dac_dat_a_reg[3]/D             3.291         
i_dsp/sum1_reg[14]/C           dac_dat_a_reg[8]/D             3.303         
i_dsp/sum1_reg[14]/C           dac_dat_a_reg[9]/D             3.320         
i_dsp/sum2_reg[14]/C           dac_dat_b_reg[11]/D            3.402         
i_dsp/sum1_reg[0]/C            dac_dat_a_reg[0]/D             3.416         
i_dsp/sum2_reg[14]/C           dac_dat_b_reg[3]/D             3.498         
i_dsp/sum2_reg[1]/C            dac_dat_b_reg[1]/D             3.550         
i_dsp/sum2_reg[14]/C           dac_dat_b_reg[10]/D            3.566         
i_dsp/sum2_reg[14]/C           dac_dat_b_reg[4]/D             3.653         
i_dsp/sum2_reg[8]/C            dac_dat_b_reg[8]/D             3.673         
i_dsp/sum1_reg[14]/C           dac_dat_a_reg[11]/D            3.896         
i_dsp/sum2_reg[14]/C           dac_dat_b_reg[7]/D             3.921         
i_dsp/sum2_reg[14]/C           dac_dat_b_reg[5]/D             4.013         
i_dsp/sum1_reg[7]/C            dac_dat_a_reg[7]/D             4.106         
i_dsp/sum2_reg[13]/C           dac_dat_b_reg[9]/D             4.242         
i_dsp/sum1_reg[13]/C           dac_dat_a_reg[10]/D            4.256         
dac_dat_b_reg[5]/C             oddr_dac_dat[5]/D1             5.352         
dac_dat_b_reg[12]/C            oddr_dac_dat[12]/D1            5.413         
dac_dat_b_reg[3]/C             oddr_dac_dat[3]/D1             5.488         
dac_dat_b_reg[9]/C             oddr_dac_dat[9]/D1             5.516         
dac_dat_b_reg[1]/C             oddr_dac_dat[1]/D1             5.596         
dac_dat_b_reg[4]/C             oddr_dac_dat[4]/D1             5.619         
dac_dat_b_reg[10]/C            oddr_dac_dat[10]/D1            5.682         
dac_rst_reg/C                  oddr_dac_rst/D1                5.782         
dac_dat_b_reg[7]/C             oddr_dac_dat[7]/D1             5.831         
dac_dat_b_reg[11]/C            oddr_dac_dat[11]/D1            5.862         
dac_dat_b_reg[13]/C            oddr_dac_dat[13]/D1            5.893         
dac_dat_b_reg[8]/C             oddr_dac_dat[8]/D1             5.898         
dac_dat_b_reg[2]/C             oddr_dac_dat[2]/D1             6.025         
dac_dat_b_reg[6]/C             oddr_dac_dat[6]/D1             6.030         
dac_dat_b_reg[0]/C             oddr_dac_dat[0]/D1             6.041         



